<html>
<head>
<title>TestNG:  SalesOptimizeSuite</title>
<link href="../testng.css" rel="stylesheet" type="text/css" />
<link href="../my-testng.css" rel="stylesheet" type="text/css" />

<style type="text/css">
.log { display: none;} 
.stack-trace { display: none;} 
</style>
<script type="text/javascript">
<!--
function flip(e) {
  current = e.style.display;
  if (current == 'block') {
    e.style.display = 'none';
    return 0;
  }
  else {
    e.style.display = 'block';
    return 1;
  }
}

function toggleBox(szDivId, elem, msg1, msg2)
{
  var res = -1;  if (document.getElementById) {
    res = flip(document.getElementById(szDivId));
  }
  else if (document.all) {
    // this is the way old msie versions work
    res = flip(document.all[szDivId]);
  }
  if(elem) {
    if(res == 0) elem.innerHTML = msg1; else elem.innerHTML = msg2;
  }

}

function toggleAllBoxes() {
  if (document.getElementsByTagName) {
    d = document.getElementsByTagName('div');
    for (i = 0; i < d.length; i++) {
      if (d[i].className == 'log') {
        flip(d[i]);
      }
    }
  }
}

// -->
</script>

</head>
<body>
<h2 align='center'>SalesOptimizeSuite</h2><table border='1' align="center">
<tr>
<td>Tests passed/Failed/Skipped:</td><td>40/1/0</td>
</tr><tr>
<td>Started on:</td><td>Tue Oct 05 17:49:01 IST 2021</td>
</tr>
<tr><td>Total time:</td><td>1300 seconds (1300563 ms)</td>
</tr><tr>
<td>Included groups:</td><td></td>
</tr><tr>
<td>Excluded groups:</td><td></td>
</tr>
</table><p/>
<small><i>(Hover the method name to see the test class name)</i></small><p/>
<table width='100%' border='1' class='invocation-failed'>
<tr><td colspan='4' align='center'><b>FAILED TESTS</b></td></tr>
<tr><td><b>Test method</b></td>
<td width="30%"><b>Exception</b></td>
<td width="10%"><b>Time (seconds)</b></td>
<td><b>Instance</b></td>
</tr>
<tr>
<td title='com.salesoptimize.testcases.TestCase_2.ExportPurchasedLeadToSalesforce()'><b>ExportPurchasedLeadToSalesforce</b><br>Test class: com.salesoptimize.testcases.TestCase_2<br>Test method: Verify User should be redirected to Salesforce on clicking the link and should be able to see the exported lead in Salesforce<br>Parameters: 2, Dashboard</td>
<td><div><pre>java.lang.RuntimeException: org.openqa.selenium.ElementClickInterceptedException: element click intercepted: Element &lt;input type=&quot;checkbox&quot; class=&quot;primary-contact&quot; id=&quot;4083ea9a-3930-4a4d-ad5a-a381f720c58c&quot; checked=&quot;checked&quot; style=&quot;background:#FFBF00; border: 1px solid red;&quot;&gt; is not clickable at point (1229, 6). Other element would receive the click: &lt;div id=&quot;gen-error&quot; class=&quot;dialog-overlay&quot; style=&quot;display: block;&quot;&gt;...&lt;/div&gt;
  (Session info: chrome=94.0.4606.61)
Build info: version: &apos;3.141.59&apos;, revision: &apos;e82be7d358&apos;, time: &apos;2018-11-14T08:17:03&apos;
System info: host: &apos;TECHNEPLUS_GG&apos;, ip: &apos;192.168.1.41&apos;, os.name: &apos;Windows 10&apos;, os.arch: &apos;amd64&apos;, os.version: &apos;10.0&apos;, java.version: &apos;11.0.11&apos;
Driver info: org.openqa.selenium.chrome.ChromeDriver
Capabilities {acceptInsecureCerts: false, browserName: chrome, browserVersion: 94.0.4606.61, chrome: {chromedriverVersion: 94.0.4606.61 (418b78f5838ed..., userDataDir: C:\Users\ADMINI~1\AppData\L...}, goog:chromeOptions: {debuggerAddress: localhost:61144}, javascriptEnabled: true, networkConnectionEnabled: false, pageLoadStrategy: normal, platform: WINDOWS, platformName: WINDOWS, proxy: Proxy(), setWindowRect: true, strictFileInteractability: false, timeouts: {implicit: 0, pageLoad: 300000, script: 30000}, unhandledPromptBehavior: dismiss and notify, webauthn:extension:credBlob: true, webauthn:extension:largeBlob: true, webauthn:virtualAuthenticators: true}
Session ID: 42a7b891dfcff2c5e15db03ce71140eb
	at com.salesoptimize.testcases.TestCase_2.ExportPurchasedLeadToSalesforce(TestCase_2.java:20)
Caused by: org.openqa.selenium.ElementClickInterceptedException: element click intercepted: Element &lt;input type=&quot;checkbox&quot; class=&quot;primary-contact&quot; id=&quot;4083ea9a-3930-4a4d-ad5a-a381f720c58c&quot; checked=&quot;checked&quot; style=&quot;background:#FFBF00; border: 1px solid red;&quot;&gt; is not clickable at point (1229, 6). Other element would receive the click: &lt;div id=&quot;gen-error&quot; class=&quot;dialog-overlay&quot; style=&quot;display: block;&quot;&gt;...&lt;/div&gt;
  (Session info: chrome=94.0.4606.61)
Build info: version: &apos;3.141.59&apos;, revision: &apos;e82be7d358&apos;, time: &apos;2018-11-14T08:17:03&apos;
System info: host: &apos;TECHNEPLUS_GG&apos;, ip: &apos;192.168.1.41&apos;, os.name: &apos;Windows 10&apos;, os.arch: &apos;amd64&apos;, os.version: &apos;10.0&apos;, java.version: &apos;11.0.11&apos;
Driver info: org.openqa.selenium.chrome.ChromeDriver
Capabilities {acceptInsecureCerts: false, browserName: chrome, browserVersion: 94.0.4606.61, chrome: {chromedriverVersion: 94.0.4606.61 (418b78f5838ed..., userDataDir: C:\Users\ADMINI~1\AppData\L...}, goog:chromeOptions: {debuggerAddress: localhost:61144}, javascriptEnabled: true, networkConnectionEnabled: false, pageLoadStrategy: normal, platform: WINDOWS, platformName: WINDOWS, proxy: Proxy(), setWindowRect: true, strictFileInteractability: false, timeouts: {implicit: 0, pageLoad: 300000, script: 30000}, unhandledPromptBehavior: dismiss and notify, webauthn:extension:credBlob: true, webauthn:extension:largeBlob: true, webauthn:virtualAuthenticators: true}
Session ID: 42a7b891dfcff2c5e15db03ce71140eb
	at org.openqa.selenium.remote.http.W3CHttpResponseCodec.createException(W3CHttpResponseCodec.java:187)
	at org.openqa.selenium.remote.http.W3CHttpResponseCodec.decode(W3CHttpResponseCodec.java:122)
	at org.openqa.selenium.remote.http.W3CHttpResponseCodec.decode(W3CHttpResponseCodec.java:49)
	at org.openqa.selenium.remote.HttpCommandExecutor.execute(HttpCommandExecutor.java:158)
	at org.openqa.selenium.remote.service.DriverCommandExecutor.execute(DriverCommandExecutor.java:83)
	at org.openqa.selenium.remote.RemoteWebDriver.execute(RemoteWebDriver.java:552)
	at org.openqa.selenium.remote.RemoteWebElement.execute(RemoteWebElement.java:285)
	at org.openqa.selenium.remote.RemoteWebElement.click(RemoteWebElement.java:84)
	at com.salesoptimize.utility.CommonMethod.Click(CommonMethod.java:1004)
	at com.salesoptimize.reusablemethods.ReusableMethodsDashboard.ExportPurchasedLeadToSalesforce(ReusableMethodsDashboard.java:283)
	at com.salesoptimize.testcases.TestCase_2.ExportPurchasedLeadToSalesforce(TestCase_2.java:16)
	... 26 more
... Removed 30 stack frames</pre></div><a href='#' onClick='toggleBox("stack-trace230546403", this, "Click to show all stack frames", "Click to hide stack frames")'>Click to show all stack frames</a>
<div class='stack-trace' id='stack-trace230546403'><pre>java.lang.RuntimeException: org.openqa.selenium.ElementClickInterceptedException: element click intercepted: Element &lt;input type=&quot;checkbox&quot; class=&quot;primary-contact&quot; id=&quot;4083ea9a-3930-4a4d-ad5a-a381f720c58c&quot; checked=&quot;checked&quot; style=&quot;background:#FFBF00; border: 1px solid red;&quot;&gt; is not clickable at point (1229, 6). Other element would receive the click: &lt;div id=&quot;gen-error&quot; class=&quot;dialog-overlay&quot; style=&quot;display: block;&quot;&gt;...&lt;/div&gt;
  (Session info: chrome=94.0.4606.61)
Build info: version: &apos;3.141.59&apos;, revision: &apos;e82be7d358&apos;, time: &apos;2018-11-14T08:17:03&apos;
System info: host: &apos;TECHNEPLUS_GG&apos;, ip: &apos;192.168.1.41&apos;, os.name: &apos;Windows 10&apos;, os.arch: &apos;amd64&apos;, os.version: &apos;10.0&apos;, java.version: &apos;11.0.11&apos;
Driver info: org.openqa.selenium.chrome.ChromeDriver
Capabilities {acceptInsecureCerts: false, browserName: chrome, browserVersion: 94.0.4606.61, chrome: {chromedriverVersion: 94.0.4606.61 (418b78f5838ed..., userDataDir: C:\Users\ADMINI~1\AppData\L...}, goog:chromeOptions: {debuggerAddress: localhost:61144}, javascriptEnabled: true, networkConnectionEnabled: false, pageLoadStrategy: normal, platform: WINDOWS, platformName: WINDOWS, proxy: Proxy(), setWindowRect: true, strictFileInteractability: false, timeouts: {implicit: 0, pageLoad: 300000, script: 30000}, unhandledPromptBehavior: dismiss and notify, webauthn:extension:credBlob: true, webauthn:extension:largeBlob: true, webauthn:virtualAuthenticators: true}
Session ID: 42a7b891dfcff2c5e15db03ce71140eb
	at com.salesoptimize.testcases.TestCase_2.ExportPurchasedLeadToSalesforce(TestCase_2.java:20)
	at java.base/jdk.internal.reflect.NativeMethodAccessorImpl.invoke0(Native Method)
	at java.base/jdk.internal.reflect.NativeMethodAccessorImpl.invoke(NativeMethodAccessorImpl.java:62)
	at java.base/jdk.internal.reflect.DelegatingMethodAccessorImpl.invoke(DelegatingMethodAccessorImpl.java:43)
	at java.base/java.lang.reflect.Method.invoke(Method.java:566)
	at org.testng.internal.MethodInvocationHelper.invokeMethod(MethodInvocationHelper.java:108)
	at org.testng.internal.Invoker.invokeMethod(Invoker.java:661)
	at org.testng.internal.Invoker.invokeTestMethod(Invoker.java:869)
	at org.testng.internal.Invoker.invokeTestMethods(Invoker.java:1193)
	at org.testng.internal.TestMethodWorker.invokeTestMethods(TestMethodWorker.java:126)
	at org.testng.internal.TestMethodWorker.run(TestMethodWorker.java:109)
	at org.testng.TestRunner.privateRun(TestRunner.java:744)
	at org.testng.TestRunner.run(TestRunner.java:602)
	at org.testng.SuiteRunner.runTest(SuiteRunner.java:380)
	at org.testng.SuiteRunner.runSequentially(SuiteRunner.java:375)
	at org.testng.SuiteRunner.privateRun(SuiteRunner.java:340)
	at org.testng.SuiteRunner.run(SuiteRunner.java:289)
	at org.testng.SuiteRunnerWorker.runSuite(SuiteRunnerWorker.java:52)
	at org.testng.SuiteRunnerWorker.run(SuiteRunnerWorker.java:86)
	at org.testng.TestNG.runSuitesSequentially(TestNG.java:1301)
	at org.testng.TestNG.runSuitesSequentially(TestNG.java:1297)
	at org.testng.TestNG.runSuitesLocally(TestNG.java:1226)
	at org.testng.TestNG.runSuites(TestNG.java:1144)
	at org.testng.TestNG.run(TestNG.java:1115)
	at org.testng.remote.AbstractRemoteTestNG.run(AbstractRemoteTestNG.java:115)
	at org.testng.remote.RemoteTestNG.initAndRun(RemoteTestNG.java:251)
	at org.testng.remote.RemoteTestNG.main(RemoteTestNG.java:77)
Caused by: org.openqa.selenium.ElementClickInterceptedException: element click intercepted: Element &lt;input type=&quot;checkbox&quot; class=&quot;primary-contact&quot; id=&quot;4083ea9a-3930-4a4d-ad5a-a381f720c58c&quot; checked=&quot;checked&quot; style=&quot;background:#FFBF00; border: 1px solid red;&quot;&gt; is not clickable at point (1229, 6). Other element would receive the click: &lt;div id=&quot;gen-error&quot; class=&quot;dialog-overlay&quot; style=&quot;display: block;&quot;&gt;...&lt;/div&gt;
  (Session info: chrome=94.0.4606.61)
Build info: version: &apos;3.141.59&apos;, revision: &apos;e82be7d358&apos;, time: &apos;2018-11-14T08:17:03&apos;
System info: host: &apos;TECHNEPLUS_GG&apos;, ip: &apos;192.168.1.41&apos;, os.name: &apos;Windows 10&apos;, os.arch: &apos;amd64&apos;, os.version: &apos;10.0&apos;, java.version: &apos;11.0.11&apos;
Driver info: org.openqa.selenium.chrome.ChromeDriver
Capabilities {acceptInsecureCerts: false, browserName: chrome, browserVersion: 94.0.4606.61, chrome: {chromedriverVersion: 94.0.4606.61 (418b78f5838ed..., userDataDir: C:\Users\ADMINI~1\AppData\L...}, goog:chromeOptions: {debuggerAddress: localhost:61144}, javascriptEnabled: true, networkConnectionEnabled: false, pageLoadStrategy: normal, platform: WINDOWS, platformName: WINDOWS, proxy: Proxy(), setWindowRect: true, strictFileInteractability: false, timeouts: {implicit: 0, pageLoad: 300000, script: 30000}, unhandledPromptBehavior: dismiss and notify, webauthn:extension:credBlob: true, webauthn:extension:largeBlob: true, webauthn:virtualAuthenticators: true}
Session ID: 42a7b891dfcff2c5e15db03ce71140eb
	at java.base/jdk.internal.reflect.NativeConstructorAccessorImpl.newInstance0(Native Method)
	at java.base/jdk.internal.reflect.NativeConstructorAccessorImpl.newInstance(NativeConstructorAccessorImpl.java:62)
	at java.base/jdk.internal.reflect.DelegatingConstructorAccessorImpl.newInstance(DelegatingConstructorAccessorImpl.java:45)
	at java.base/java.lang.reflect.Constructor.newInstance(Constructor.java:490)
	at org.openqa.selenium.remote.http.W3CHttpResponseCodec.createException(W3CHttpResponseCodec.java:187)
	at org.openqa.selenium.remote.http.W3CHttpResponseCodec.decode(W3CHttpResponseCodec.java:122)
	at org.openqa.selenium.remote.http.W3CHttpResponseCodec.decode(W3CHttpResponseCodec.java:49)
	at org.openqa.selenium.remote.HttpCommandExecutor.execute(HttpCommandExecutor.java:158)
	at org.openqa.selenium.remote.service.DriverCommandExecutor.execute(DriverCommandExecutor.java:83)
	at org.openqa.selenium.remote.RemoteWebDriver.execute(RemoteWebDriver.java:552)
	at org.openqa.selenium.remote.RemoteWebElement.execute(RemoteWebElement.java:285)
	at org.openqa.selenium.remote.RemoteWebElement.click(RemoteWebElement.java:84)
	at com.salesoptimize.utility.CommonMethod.Click(CommonMethod.java:1004)
	at com.salesoptimize.reusablemethods.ReusableMethodsDashboard.ExportPurchasedLeadToSalesforce(ReusableMethodsDashboard.java:283)
	at com.salesoptimize.testcases.TestCase_2.ExportPurchasedLeadToSalesforce(TestCase_2.java:16)
	... 26 more
</pre></div></td>
<td>21</td>
<td>com.salesoptimize.testcases.TestCase_2@3315d2d7</td></tr>
</table><p>
<table width='100%' border='1' class='invocation-passed'>
<tr><td colspan='4' align='center'><b>PASSED TESTS</b></td></tr>
<tr><td><b>Test method</b></td>
<td width="30%"><b>Exception</b></td>
<td width="10%"><b>Time (seconds)</b></td>
<td><b>Instance</b></td>
</tr>
<tr>
<td title='com.salesoptimize.testcases.TestCase_6.AddSalesforceCRMExport()'><b>AddSalesforceCRMExport</b><br>Test class: com.salesoptimize.testcases.TestCase_6<br>Test method: Verify User gets redirected to SalesOptimize crm export setup page<br>Parameters: 2, Dashboard</td>
<td></td>
<td>2</td>
<td>com.salesoptimize.testcases.TestCase_6@482bce4f</td></tr>
<tr>
<td title='com.salesoptimize.testcases.TestCase_20.AllSitesShipping()'><b>AllSitesShipping</b><br>Test class: com.salesoptimize.testcases.TestCase_20<br>Test method: Verify if Any one of 'Shipping Companies' or 'Shipping Page Link' should exist<br>Parameters: 2, Dashboard</td>
<td></td>
<td>17</td>
<td>com.salesoptimize.testcases.TestCase_20@19d481b</td></tr>
<tr>
<td title='com.salesoptimize.testcases.TestCase_10.ContactDepartment()'><b>ContactDepartment</b><br>Test class: com.salesoptimize.testcases.TestCase_10<br>Test method: Verify The number of records must contain 'Contact Department' and 'Contact Level' as 'Leadership' and 'C-Level', respectively.<br>Parameters: 2, Dashboard</td>
<td></td>
<td>43</td>
<td>com.salesoptimize.testcases.TestCase_10@865dd6</td></tr>
<tr>
<td title='com.salesoptimize.testcases.TestCase_26.EvidenceOfInternationalShipping()'><b>EvidenceOfInternationalShipping</b><br>Test class: com.salesoptimize.testcases.TestCase_26<br>Test method: Verify Shipping companies' value should contain 'International Delivery'<br>Parameters: 2, Dashboard</td>
<td></td>
<td>18</td>
<td>com.salesoptimize.testcases.TestCase_26@77eca502</td></tr>
<tr>
<td title='com.salesoptimize.testcases.TestCase_19.EvidenceOfMultipleCurrencies()'><b>EvidenceOfMultipleCurrencies</b><br>Test class: com.salesoptimize.testcases.TestCase_19<br>Test method: Verify if Has Multiple Currencies' should be 'Yes'<br>Parameters: 2, Dashboard</td>
<td></td>
<td>17</td>
<td>com.salesoptimize.testcases.TestCase_19@51f116b8</td></tr>
<tr>
<td title='com.salesoptimize.testcases.TestCase_17.EvidenceOfOnlinePayments()'><b>EvidenceOfOnlinePayments</b><br>Test class: com.salesoptimize.testcases.TestCase_17<br>Test method: Verify if Any of payment method or payment provider should exists<br>Parameters: 2, Dashboard</td>
<td></td>
<td>17</td>
<td>com.salesoptimize.testcases.TestCase_17@770d3326</td></tr>
<tr>
<td title='com.salesoptimize.testcases.TestCase_23.EvidenceofFreeShipping()'><b>EvidenceofFreeShipping</b><br>Test class: com.salesoptimize.testcases.TestCase_23<br>Test method: Verify Shipping companies should contains 'Free Shipping', 'Same/Next Day Shipping', 'Returns<br>Parameters: 2, Dashboard</td>
<td></td>
<td>20</td>
<td>com.salesoptimize.testcases.TestCase_23@4d910fd6</td></tr>
<tr>
<td title='com.salesoptimize.testcases.TestCase_25.EvidenceofInternationalPresence()'><b>EvidenceofInternationalPresence</b><br>Test class: com.salesoptimize.testcases.TestCase_25<br>Test method: Verify Has International Domains value should be 'Yes'<br>Parameters: 2, Dashboard</td>
<td></td>
<td>18</td>
<td>com.salesoptimize.testcases.TestCase_25@7690781</td></tr>
<tr>
<td title='com.salesoptimize.testcases.TestCase_18.EvidenceofMobileSite()'><b>EvidenceofMobileSite</b><br>Test class: com.salesoptimize.testcases.TestCase_18<br>Test method: Verify Is 'Mobile Enabled should' be 'Yes<br>Parameters: 2, Dashboard</td>
<td></td>
<td>17</td>
<td>com.salesoptimize.testcases.TestCase_18@4cc8eb05</td></tr>
<tr>
<td title='com.salesoptimize.testcases.TestCase_16.ExcludeFinanceProvider()'><b>ExcludeFinanceProvider</b><br>Test class: com.salesoptimize.testcases.TestCase_16<br>Test method: Finance Provider should not contain 'Santander' UK<br>Parameters: 2, Dashboard</td>
<td></td>
<td>20</td>
<td>com.salesoptimize.testcases.TestCase_16@2abf4075</td></tr>
<tr>
<td title='com.salesoptimize.testcases.TestCase_14.ExcludePaymentMethod()'><b>ExcludePaymentMethod</b><br>Test class: com.salesoptimize.testcases.TestCase_14<br>Test method: Verify Payment Method does not contain 'Visa Debit'<br>Parameters: 2, Dashboard</td>
<td></td>
<td>43</td>
<td>com.salesoptimize.testcases.TestCase_14@503d687a</td></tr>
<tr>
<td title='com.salesoptimize.testcases.TestCase_12.ExcludePaymentProvider()'><b>ExcludePaymentProvider</b><br>Test class: com.salesoptimize.testcases.TestCase_12<br>Test method: Verify Payment Provider should not contain ' Adyen'<br>Parameters: 2, Dashboard</td>
<td></td>
<td>15</td>
<td>com.salesoptimize.testcases.TestCase_12@3972a855</td></tr>
<tr>
<td title='com.salesoptimize.testcases.TestCase_22.ExcludeShippingCompanies()'><b>ExcludeShippingCompanies</b><br>Test class: com.salesoptimize.testcases.TestCase_22<br>Test method: Verify Shipping Companies not contain 'An Post'<br>Parameters: 2, Dashboard</td>
<td></td>
<td>20</td>
<td>com.salesoptimize.testcases.TestCase_22@140c9f39</td></tr>
<tr>
<td title='com.salesoptimize.testcases.TestCase_28.ExcludeWebsiteTechnology()'><b>ExcludeWebsiteTechnology</b><br>Test class: com.salesoptimize.testcases.TestCase_28<br>Test method: Verify Website Technology should not contain 'Magento'<br>Parameters: 2, Dashboard</td>
<td></td>
<td>22</td>
<td>com.salesoptimize.testcases.TestCase_28@2e222612</td></tr>
<tr>
<td title='com.salesoptimize.testcases.TestCase_29.ExcludeWebsiteTechnology()'><b>ExcludeWebsiteTechnology</b><br>Test class: com.salesoptimize.testcases.TestCase_29<br>Test method: Verify Facebook Likes' should be '>1M'<br>Parameters: 2, Dashboard</td>
<td></td>
<td>26</td>
<td>com.salesoptimize.testcases.TestCase_29@61386958</td></tr>
<tr>
<td title='com.salesoptimize.testcases.TestCase_1.ExportAList()'><b>ExportAList</b><br>Test class: com.salesoptimize.testcases.TestCase_1<br>Test method: Verify The number of records in Excel and CSV format should match with the number of lines in the Bulk Download Screen<br>Parameters: 2, Dashboard</td>
<td></td>
<td>56</td>
<td>com.salesoptimize.testcases.TestCase_1@29647f75</td></tr>
<tr>
<td title='com.salesoptimize.testcases.TestCase_11.ExportMustHaveEmailAddressPhoneNumber()'><b>ExportMustHaveEmailAddressPhoneNumber</b><br>Test class: com.salesoptimize.testcases.TestCase_11<br>Test method: Verify All records in the downloaded file should have at least one 'Company Email' and 'Company Phone Number'<br>Parameters: 2, Dashboard</td>
<td></td>
<td>47</td>
<td>com.salesoptimize.testcases.TestCase_11@4da4253</td></tr>
<tr>
<td title='com.salesoptimize.testcases.TestCase_9.HasPhysicalLocation()'><b>HasPhysicalLocation</b><br>Test class: com.salesoptimize.testcases.TestCase_9<br>Test method: Verify physical location should exists<br>Parameters: 2, Dashboard</td>
<td></td>
<td>14</td>
<td>com.salesoptimize.testcases.TestCase_9@1649b0e6</td></tr>
<tr>
<td title='com.salesoptimize.testcases.TestCase_15.IncludeFinanceProvider()'><b>IncludeFinanceProvider</b><br>Test class: com.salesoptimize.testcases.TestCase_15<br>Test method: Verify Finance Provider should contain 'Santander UK'<br>Parameters: 2, Dashboard</td>
<td></td>
<td>18</td>
<td>com.salesoptimize.testcases.TestCase_15@6a370f4</td></tr>
<tr>
<td title='com.salesoptimize.testcases.TestCase_38.IncludeMarketingAnalytics()'><b>IncludeMarketingAnalytics</b><br>Test class: com.salesoptimize.testcases.TestCase_38<br>Test method: Verify 'Marketing Analytics +' should contain 'Doofinder'<br>Parameters: 2, Dashboard</td>
<td></td>
<td>32</td>
<td>com.salesoptimize.testcases.TestCase_38@65f095f8</td></tr>
<tr>
<td title='com.salesoptimize.testcases.TestCase_13.IncludePaymentMethod()'><b>IncludePaymentMethod</b><br>Test class: com.salesoptimize.testcases.TestCase_13<br>Test method: Verify Payment Method should contain 'Visa Debit'<br>Parameters: 2, Dashboard</td>
<td></td>
<td>11</td>
<td>com.salesoptimize.testcases.TestCase_13@62e7f11d</td></tr>
<tr>
<td title='com.salesoptimize.testcases.TestCase_5.IncludePaymentProvider()'><b>IncludePaymentProvider</b><br>Test class: com.salesoptimize.testcases.TestCase_5<br>Test method: Verify Payment provider should contain Adyen or Apple Pay or Both (i.e. Ayden, Apple Pay)<br>Parameters: 2, Dashboard</td>
<td></td>
<td>15</td>
<td>com.salesoptimize.testcases.TestCase_5@55b53d44</td></tr>
<tr>
<td title='com.salesoptimize.testcases.TestCase_21.IncludeShippingCompanies()'><b>IncludeShippingCompanies</b><br>Test class: com.salesoptimize.testcases.TestCase_21<br>Test method: Verify Shipping Companies should contain 'An Post'<br>Parameters: 2, Dashboard</td>
<td></td>
<td>17</td>
<td>com.salesoptimize.testcases.TestCase_21@1f97cf0d</td></tr>
<tr>
<td title='com.salesoptimize.testcases.TestCase_27.IncludeWebsiteTechnology()'><b>IncludeWebsiteTechnology</b><br>Test class: com.salesoptimize.testcases.TestCase_27<br>Test method: Verify Website Technology should contain 'Magento'<br>Parameters: 2, Dashboard</td>
<td></td>
<td>23</td>
<td>com.salesoptimize.testcases.TestCase_27@3246fb96</td></tr>
<tr>
<td title='com.salesoptimize.testcases.TestCase_31.InstagramFollowers()'><b>InstagramFollowers</b><br>Test class: com.salesoptimize.testcases.TestCase_31<br>Test method: Verify Instagram Followers' should be '>1M'<br>Parameters: 2, Dashboard</td>
<td></td>
<td>27</td>
<td>com.salesoptimize.testcases.TestCase_31@7671cb68</td></tr>
<tr>
<td title='com.salesoptimize.landingpage.LoginSalesOptimizeTest.LoginSalesOptimize()'><b>LoginSalesOptimize</b><br>Test class: com.salesoptimize.landingpage.LoginSalesOptimizeTest<br>Test method: Verify if User was able to login successfully</td>
<td></td>
<td>3</td>
<td>com.salesoptimize.landingpage.LoginSalesOptimizeTest@355ce81c</td></tr>
<tr>
<td title='com.salesoptimize.testcases.TestCase_7.Multiurllookup()'><b>Multiurllookup</b><br>Test class: com.salesoptimize.testcases.TestCase_7<br>Test method: Verify Payment provider should contain Adyen or Apple Pay or Both (i.e. Ayden, Apple Pay)<br>Parameters: 2, Dashboard</td>
<td></td>
<td>14</td>
<td>com.salesoptimize.testcases.TestCase_7@366647c2</td></tr>
<tr>
<td title='com.salesoptimize.testcases.TestCase_36.PresencOfInstagram()'><b>PresencOfInstagram</b><br>Test class: com.salesoptimize.testcases.TestCase_36<br>Test method: Verify 'Instagram page link should exists under 'Website Overview' section'<br>Parameters: 2, Dashboard</td>
<td></td>
<td>23</td>
<td>com.salesoptimize.testcases.TestCase_36@3a6bb9bf</td></tr>
<tr>
<td title='com.salesoptimize.testcases.TestCase_34.PresenceOfFacebook()'><b>PresenceOfFacebook</b><br>Test class: com.salesoptimize.testcases.TestCase_34<br>Test method: Verify Facebook page link should exists under 'Website Overview' section<br>Parameters: 2, Dashboard</td>
<td></td>
<td>26</td>
<td>com.salesoptimize.testcases.TestCase_34@68c72235</td></tr>
<tr>
<td title='com.salesoptimize.testcases.TestCase_35.PresenceOfTwitter()'><b>PresenceOfTwitter</b><br>Test class: com.salesoptimize.testcases.TestCase_35<br>Test method: Verify 'Twitter page link should exists under 'Website Overview' section<br>Parameters: 2, Dashboard</td>
<td></td>
<td>24</td>
<td>com.salesoptimize.testcases.TestCase_35@10959ece</td></tr>
<tr>
<td title='com.salesoptimize.testcases.TestCase_37.PresenceofYoutube()'><b>PresenceofYoutube</b><br>Test class: com.salesoptimize.testcases.TestCase_37<br>Test method: Verify Any of 'Youtube Views' or 'Youtube Subscribers' should exists<br>Parameters: 2, Dashboard</td>
<td></td>
<td>23</td>
<td>com.salesoptimize.testcases.TestCase_37@34f7cfd9</td></tr>
<tr>
<td title='com.salesoptimize.testcases.TestCase_3.SelectGlobalRegion()'><b>SelectGlobalRegion</b><br>Test class: com.salesoptimize.testcases.TestCase_3<br>Test method: Verify if User is able to Select Global Region + Business Country + City + Zip Code + Timezone<br>Parameters: 2, Dashboard</td>
<td></td>
<td>43</td>
<td>com.salesoptimize.testcases.TestCase_3@d6e7bab</td></tr>
<tr>
<td title='com.salesoptimize.testcases.TestCase_8.SelectIndustryAndSubIndustry()'><b>SelectIndustryAndSubIndustry</b><br>Test class: com.salesoptimize.testcases.TestCase_8<br>Test method: Verify if User is able to select Industry as Retail and Sub Industry as Fashion & Clothing<br>Parameters: 2, Dashboard</td>
<td></td>
<td>23</td>
<td>com.salesoptimize.testcases.TestCase_8@6a6afff2</td></tr>
<tr>
<td title='com.salesoptimize.testcases.TestCase_40.TopLevelDomain()'><b>TopLevelDomain</b><br>Test class: com.salesoptimize.testcases.TestCase_40<br>Test method: Verify Simple Url should end with '.com'<br>Parameters: 2, Dashboard</td>
<td></td>
<td>97</td>
<td>com.salesoptimize.testcases.TestCase_40@3e6ef8ad</td></tr>
<tr>
<td title='com.salesoptimize.testcases.TestCase_30.TwitterFollowers()'><b>TwitterFollowers</b><br>Test class: com.salesoptimize.testcases.TestCase_30<br>Test method: Verify 'Twitter Followers' should be '>1M''<br>Parameters: 2, Dashboard</td>
<td></td>
<td>27</td>
<td>com.salesoptimize.testcases.TestCase_30@73ee04c8</td></tr>
<tr>
<td title='com.salesoptimize.testcases.TestCase_39.TwitterFollowers()'><b>TwitterFollowers</b><br>Test class: com.salesoptimize.testcases.TestCase_39<br>Test method: Verify 'Marketing Analytics +' should not contain 'Doofinder'<br>Parameters: 2, Dashboard</td>
<td></td>
<td>23</td>
<td>com.salesoptimize.testcases.TestCase_39@59af0466</td></tr>
<tr>
<td title='com.salesoptimize.testcases.TestCase_24.VisitorTrafficRegionCountry()'><b>VisitorTrafficRegionCountry</b><br>Test class: com.salesoptimize.testcases.TestCase_24<br>Test method: Verify Alexa Traffic Information' shoud contain country Germany<br>Parameters: 2, Dashboard</td>
<td></td>
<td>22</td>
<td>com.salesoptimize.testcases.TestCase_24@26275bef</td></tr>
<tr>
<td title='com.salesoptimize.testcases.TestCase_33.YouTubeSubscribers()'><b>YouTubeSubscribers</b><br>Test class: com.salesoptimize.testcases.TestCase_33<br>Test method: Verify 'YouTube Subscribers' should be '>1M'<br>Parameters: 2, Dashboard</td>
<td></td>
<td>31</td>
<td>com.salesoptimize.testcases.TestCase_33@6b8ca3c8</td></tr>
<tr>
<td title='com.salesoptimize.testcases.TestCase_32.YouTubeViews()'><b>YouTubeViews</b><br>Test class: com.salesoptimize.testcases.TestCase_32<br>Test method: Verify YouTube Views' should be '>1M'<br>Parameters: 2, Dashboard</td>
<td></td>
<td>27</td>
<td>com.salesoptimize.testcases.TestCase_32@49dc7102</td></tr>
<tr>
<td title='com.salesoptimize.testcases.TestCase_4.selectEstimatedOnlineSales()'><b>selectEstimatedOnlineSales</b><br>Test class: com.salesoptimize.testcases.TestCase_4<br>Test method: Verify if User is able to select Company Turnover as 1M and above<br>Parameters: 2, Dashboard</td>
<td></td>
<td>16</td>
<td>com.salesoptimize.testcases.TestCase_4@5fa07e12</td></tr>
</table><p>
</body>
</html>