<?xml version="1.0" encoding="UTF-8" ?>
<testsuite tests="122" failures="2" name="TestSuite" time="2,296.748" errors="0" skipped="120">
  <properties>
    <property name="java.runtime.name" value="Java(TM) SE Runtime Environment"/>
    <property name="java.vm.version" value="11.0.11+9-LTS-194"/>
    <property name="sun.boot.library.path" value="C:\Program Files\Java\jdk-11.0.11\bin"/>
    <property name="maven.multiModuleProjectDirectory" value="D:\SalesOptimizeTest"/>
    <property name="java.vm.vendor" value="Oracle Corporation"/>
    <property name="java.vendor.url" value="https://openjdk.java.net/"/>
    <property name="guice.disable.misplaced.annotation.check" value="true"/>
    <property name="path.separator" value=";"/>
    <property name="java.vm.name" value="Java HotSpot(TM) 64-Bit Server VM"/>
    <property name="sun.os.patch.level" value=""/>
    <property name="user.script" value=""/>
    <property name="user.country" value="US"/>
    <property name="sun.java.launcher" value="SUN_STANDARD"/>
    <property name="java.vm.specification.name" value="Java Virtual Machine Specification"/>
    <property name="user.dir" value="D:\SalesOptimizeTest"/>
    <property name="java.vm.compressedOopsMode" value="Zero based"/>
    <property name="java.runtime.version" value="11.0.11+9-LTS-194"/>
    <property name="java.awt.graphicsenv" value="sun.awt.Win32GraphicsEnvironment"/>
    <property name="os.arch" value="amd64"/>
    <property name="java.io.tmpdir" value="C:\Users\ADMINI~1\AppData\Local\Temp\"/>
    <property name="line.separator" value="
"/>
    <property name="java.vm.specification.vendor" value="Oracle Corporation"/>
    <property name="user.variant" value=""/>
    <property name="os.name" value="Windows 10"/>
    <property name="classworlds.conf" value="C:\Program Files\apache-maven-3.8.2\bin\m2.conf"/>
    <property name="sun.jnu.encoding" value="Cp1252"/>
    <property name="java.library.path" value="C:\Program Files\Java\jdk-11.0.11\bin;C:\Windows\Sun\Java\bin;C:\Windows\system32;C:\Windows;C:\Program Files\Common Files\Oracle\Java\javapath;C:\ProgramData\Oracle\Java\javapath;C:\Python39\Scripts\;C:\Python39\;C:\Windows\system32;C:\Windows;C:\Windows\System32\Wbem;C:\Windows\System32\WindowsPowerShell\v1.0\;C:\Program Files\dotnet\;C:\Program Files (x86)\dotnet\;C:\Program Files\Git\cmd;C:\Program Files\nodejs;\;C:\ProgramData\chocolatey\bin;C:\Users\Administrator\AppData\Local\Android\Sdk\tools;C:\Users\Administrator\AppData\Local\Android\Sdk\platform-tools;C:\Users\Administrator\AppData\Local\Android\Sdk\tools\bin;C:\Program Files\apache-maven-3.8.2\bin;C:\Users\Administrator\.dotnet\tools;C:\Users\Administrator\AppData\Roaming\npm;."/>
    <property name="maven.conf" value="C:\Program Files\apache-maven-3.8.2/conf"/>
    <property name="jdk.debug" value="release"/>
    <property name="java.class.version" value="55.0"/>
    <property name="java.specification.name" value="Java Platform API Specification"/>
    <property name="sun.management.compiler" value="HotSpot 64-Bit Tiered Compilers"/>
    <property name="os.version" value="10.0"/>
    <property name="user.home" value="C:\Users\Administrator"/>
    <property name="user.timezone" value="Asia/Calcutta"/>
    <property name="java.awt.printerjob" value="sun.awt.windows.WPrinterJob"/>
    <property name="file.encoding" value="Cp1252"/>
    <property name="java.specification.version" value="11"/>
    <property name="user.name" value="Administrator"/>
    <property name="java.class.path" value="C:\Program Files\apache-maven-3.8.2\boot\plexus-classworlds-2.6.0.jar"/>
    <property name="java.vm.specification.version" value="11"/>
    <property name="sun.arch.data.model" value="64"/>
    <property name="sun.java.command" value="org.codehaus.plexus.classworlds.launcher.Launcher install"/>
    <property name="java.home" value="C:\Program Files\Java\jdk-11.0.11"/>
    <property name="user.language" value="en"/>
    <property name="java.specification.vendor" value="Oracle Corporation"/>
    <property name="awt.toolkit" value="sun.awt.windows.WToolkit"/>
    <property name="java.vm.info" value="mixed mode"/>
    <property name="java.version" value="11.0.11"/>
    <property name="java.vendor" value="Oracle Corporation"/>
    <property name="sun.stderr.encoding" value="cp437"/>
    <property name="maven.home" value="C:\Program Files\apache-maven-3.8.2"/>
    <property name="file.separator" value="\"/>
    <property name="java.version.date" value="2021-04-20"/>
    <property name="java.vendor.url.bug" value="https://bugreport.java.com/bugreport/"/>
    <property name="sun.io.unicode.encoding" value="UnicodeLittle"/>
    <property name="sun.cpu.endian" value="little"/>
    <property name="java.vendor.version" value="18.9"/>
    <property name="sun.stdout.encoding" value="cp437"/>
    <property name="sun.desktop" value="windows"/>
    <property name="sun.cpu.isalist" value="amd64"/>
  </properties>
  <testcase classname="com.salesoptimize.landingpage.LoginSalesOptimizeTest" name="LoginSalesOptimize" time="5.913">
    <failure message="org.openqa.selenium.WebDriverException: chrome not reachable
  (Session info: chrome=94.0.4606.81)
Build info: version: &apos;3.141.59&apos;, revision: &apos;e82be7d358&apos;, time: &apos;2018-11-14T08:17:03&apos;
System info: host: &apos;TECHNEPLUS_GG&apos;, ip: &apos;192.168.1.41&apos;, os.name: &apos;Windows 10&apos;, os.arch: &apos;amd64&apos;, os.version: &apos;10.0&apos;, java.version: &apos;11.0.11&apos;
Driver info: org.openqa.selenium.chrome.ChromeDriver
Capabilities {acceptInsecureCerts: false, browserName: chrome, browserVersion: 94.0.4606.81, chrome: {chromedriverVersion: 94.0.4606.61 (418b78f5838ed..., userDataDir: C:\Users\ADMINI~1\AppData\L...}, goog:chromeOptions: {debuggerAddress: localhost:52048}, javascriptEnabled: true, networkConnectionEnabled: false, pageLoadStrategy: normal, platform: WINDOWS, platformName: WINDOWS, proxy: Proxy(), setWindowRect: true, strictFileInteractability: false, timeouts: {implicit: 0, pageLoad: 300000, script: 30000}, unhandledPromptBehavior: dismiss and notify, webauthn:extension:credBlob: true, webauthn:extension:largeBlob: true, webauthn:virtualAuthenticators: true}
Session ID: be9b36ffa2a58411ec2a6492ef91dd60" type="java.lang.RuntimeException">java.lang.RuntimeException: org.openqa.selenium.WebDriverException: chrome not reachable
  (Session info: chrome=94.0.4606.81)
Build info: version: &apos;3.141.59&apos;, revision: &apos;e82be7d358&apos;, time: &apos;2018-11-14T08:17:03&apos;
System info: host: &apos;TECHNEPLUS_GG&apos;, ip: &apos;192.168.1.41&apos;, os.name: &apos;Windows 10&apos;, os.arch: &apos;amd64&apos;, os.version: &apos;10.0&apos;, java.version: &apos;11.0.11&apos;
Driver info: org.openqa.selenium.chrome.ChromeDriver
Capabilities {acceptInsecureCerts: false, browserName: chrome, browserVersion: 94.0.4606.81, chrome: {chromedriverVersion: 94.0.4606.61 (418b78f5838ed..., userDataDir: C:\Users\ADMINI~1\AppData\L...}, goog:chromeOptions: {debuggerAddress: localhost:52048}, javascriptEnabled: true, networkConnectionEnabled: false, pageLoadStrategy: normal, platform: WINDOWS, platformName: WINDOWS, proxy: Proxy(), setWindowRect: true, strictFileInteractability: false, timeouts: {implicit: 0, pageLoad: 300000, script: 30000}, unhandledPromptBehavior: dismiss and notify, webauthn:extension:credBlob: true, webauthn:extension:largeBlob: true, webauthn:virtualAuthenticators: true}
Session ID: be9b36ffa2a58411ec2a6492ef91dd60
	at com.salesoptimize.landingpage.LoginSalesOptimizeTest.LoginSalesOptimize(LoginSalesOptimizeTest.java:19)
Caused by: org.openqa.selenium.WebDriverException: chrome not reachable
  (Session info: chrome=94.0.4606.81)
Build info: version: &apos;3.141.59&apos;, revision: &apos;e82be7d358&apos;, time: &apos;2018-11-14T08:17:03&apos;
System info: host: &apos;TECHNEPLUS_GG&apos;, ip: &apos;192.168.1.41&apos;, os.name: &apos;Windows 10&apos;, os.arch: &apos;amd64&apos;, os.version: &apos;10.0&apos;, java.version: &apos;11.0.11&apos;
Driver info: org.openqa.selenium.chrome.ChromeDriver
Capabilities {acceptInsecureCerts: false, browserName: chrome, browserVersion: 94.0.4606.81, chrome: {chromedriverVersion: 94.0.4606.61 (418b78f5838ed..., userDataDir: C:\Users\ADMINI~1\AppData\L...}, goog:chromeOptions: {debuggerAddress: localhost:52048}, javascriptEnabled: true, networkConnectionEnabled: false, pageLoadStrategy: normal, platform: WINDOWS, platformName: WINDOWS, proxy: Proxy(), setWindowRect: true, strictFileInteractability: false, timeouts: {implicit: 0, pageLoad: 300000, script: 30000}, unhandledPromptBehavior: dismiss and notify, webauthn:extension:credBlob: true, webauthn:extension:largeBlob: true, webauthn:virtualAuthenticators: true}
Session ID: be9b36ffa2a58411ec2a6492ef91dd60
	at java.base/jdk.internal.reflect.NativeConstructorAccessorImpl.newInstance0(Native Method)
	at java.base/jdk.internal.reflect.NativeConstructorAccessorImpl.newInstance(NativeConstructorAccessorImpl.java:62)
	at java.base/jdk.internal.reflect.DelegatingConstructorAccessorImpl.newInstance(DelegatingConstructorAccessorImpl.java:45)
	at java.base/java.lang.reflect.Constructor.newInstance(Constructor.java:490)
	at org.openqa.selenium.remote.http.W3CHttpResponseCodec.createException(W3CHttpResponseCodec.java:187)
	at org.openqa.selenium.remote.http.W3CHttpResponseCodec.decode(W3CHttpResponseCodec.java:122)
	at org.openqa.selenium.remote.http.W3CHttpResponseCodec.decode(W3CHttpResponseCodec.java:49)
	at org.openqa.selenium.remote.HttpCommandExecutor.execute(HttpCommandExecutor.java:158)
	at org.openqa.selenium.remote.service.DriverCommandExecutor.execute(DriverCommandExecutor.java:83)
	at org.openqa.selenium.remote.RemoteWebDriver.execute(RemoteWebDriver.java:552)
	at org.openqa.selenium.remote.RemoteWebDriver.execute(RemoteWebDriver.java:609)
	at org.openqa.selenium.remote.RemoteWebDriver$RemoteNavigation.refresh(RemoteWebDriver.java:865)
	at com.salesoptimize.utility.CommonMethod.refreshBrowser(CommonMethod.java:243)
	at com.salesoptimize.utility.CommonMethod.waitForPageLoaded(CommonMethod.java:899)
	at com.salesoptimize.reusablemethods.ReusableMethodsLogin.login(ReusableMethodsLogin.java:17)
	at com.salesoptimize.landingpage.LoginSalesOptimizeTest.LoginSalesOptimize(LoginSalesOptimizeTest.java:16)
	... 35 more
</failure>
    <system-out>[TestNG] [WARN] Ignoring duplicate listener : com.salesoptimize.utility.ExtentListeners
[TestNG] [WARN] Ignoring duplicate listener : com.salesoptimize.utility.CustomTestNGReporter
null
chrome
Preprod
Windows 10
log4j: reset attribute= &quot;false&quot;.
log4j: Threshold =&quot;null&quot;.
log4j: Level value for root is  [Info].
log4j: root level set to INFO
log4j: Class name: [org.apache.log4j.ConsoleAppender]
log4j: Parsing layout of class: &quot;org.apache.log4j.PatternLayout&quot;
log4j: Setting property [conversionPattern] to [%d{yyyy-MM-dd HH:mm:ss} %-5p %c{1}:%L - %m%n].
log4j: Adding appender named [console] to category [root].
log4j: Class name: [org.apache.log4j.RollingFileAppender]
log4j: Setting property [append] to [false].
log4j: Setting property [maxFileSize] to [10MB].
log4j: Setting property [maxBackupIndex] to [10].
log4j: Setting property [file] to [/logs/log.log].
log4j: Setting property [file] to [logs/log.log].
log4j: Parsing layout of class: &quot;org.apache.log4j.PatternLayout&quot;
log4j: Setting property [conversionPattern] to [%d{yyyy-MM-dd HH:mm:ss} %-5p %c{1}:%L - %m%n].
log4j: setFile called: logs/log.log, false
log4j: setFile ended
log4j: Adding appender named [file] to category [root].
2021-10-12 16:06:34 INFO  WebDriverManager:606 - Using chromedriver 94.0.4606.61 (resolved driver for Chrome 94)
2021-10-12 16:06:34 INFO  WebDriverManager:662 - Exporting webdriver.chrome.driver as C:\Users\Administrator\.cache\selenium\chromedriver\win32\94.0.4606.61\chromedriver.exe
Pass
Locator Email : signupEmail
Locator Email : signupEmail
Pass
Locator Password : signupPassword
Locator LoginButton : loginAction
Timeout waiting for Page Load Request to complete.
</system-out>
    <system-err>Oct 12, 2021 4:06:34 PM org.openqa.selenium.remote.DesiredCapabilities chrome
INFO: Using `new ChromeOptions()` is preferred to `DesiredCapabilities.chrome()`
Starting ChromeDriver 94.0.4606.61 (418b78f5838ed0b1c69bb4e51ea0252171854915-refs/branch-heads/4606@{#1204}) on port 43248
Only local connections are allowed.
Please see https://chromedriver.chromium.org/security-considerations for suggestions on keeping ChromeDriver safe.
ChromeDriver was started successfully.
Oct 12, 2021 4:06:35 PM org.openqa.selenium.remote.ProtocolHandshake createSession
INFO: Detected dialect: W3C
[1634035005.858][SEVERE]: Unable to receive message from renderer
org.openqa.selenium.WebDriverException: chrome not reachable
  (Session info: chrome=94.0.4606.81)
Build info: version: &apos;3.141.59&apos;, revision: &apos;e82be7d358&apos;, time: &apos;2018-11-14T08:17:03&apos;
System info: host: &apos;TECHNEPLUS_GG&apos;, ip: &apos;192.168.1.41&apos;, os.name: &apos;Windows 10&apos;, os.arch: &apos;amd64&apos;, os.version: &apos;10.0&apos;, java.version: &apos;11.0.11&apos;
Driver info: org.openqa.selenium.chrome.ChromeDriver
Capabilities {acceptInsecureCerts: false, browserName: chrome, browserVersion: 94.0.4606.81, chrome: {chromedriverVersion: 94.0.4606.61 (418b78f5838ed..., userDataDir: C:\Users\ADMINI~1\AppData\L...}, goog:chromeOptions: {debuggerAddress: localhost:52048}, javascriptEnabled: true, networkConnectionEnabled: false, pageLoadStrategy: normal, platform: WINDOWS, platformName: WINDOWS, proxy: Proxy(), setWindowRect: true, strictFileInteractability: false, timeouts: {implicit: 0, pageLoad: 300000, script: 30000}, unhandledPromptBehavior: dismiss and notify, webauthn:extension:credBlob: true, webauthn:extension:largeBlob: true, webauthn:virtualAuthenticators: true}
Session ID: be9b36ffa2a58411ec2a6492ef91dd60
	at java.base/jdk.internal.reflect.NativeConstructorAccessorImpl.newInstance0(Native Method)
	at java.base/jdk.internal.reflect.NativeConstructorAccessorImpl.newInstance(NativeConstructorAccessorImpl.java:62)
	at java.base/jdk.internal.reflect.DelegatingConstructorAccessorImpl.newInstance(DelegatingConstructorAccessorImpl.java:45)
	at java.base/java.lang.reflect.Constructor.newInstance(Constructor.java:490)
	at org.openqa.selenium.remote.http.W3CHttpResponseCodec.createException(W3CHttpResponseCodec.java:187)
	at org.openqa.selenium.remote.http.W3CHttpResponseCodec.decode(W3CHttpResponseCodec.java:122)
	at org.openqa.selenium.remote.http.W3CHttpResponseCodec.decode(W3CHttpResponseCodec.java:49)
	at org.openqa.selenium.remote.HttpCommandExecutor.execute(HttpCommandExecutor.java:158)
	at org.openqa.selenium.remote.service.DriverCommandExecutor.execute(DriverCommandExecutor.java:83)
	at org.openqa.selenium.remote.RemoteWebDriver.execute(RemoteWebDriver.java:552)
	at org.openqa.selenium.remote.RemoteWebDriver.execute(RemoteWebDriver.java:609)
	at org.openqa.selenium.remote.RemoteWebDriver$RemoteNavigation.refresh(RemoteWebDriver.java:865)
	at com.salesoptimize.utility.CommonMethod.refreshBrowser(CommonMethod.java:243)
	at com.salesoptimize.utility.CommonMethod.waitForPageLoaded(CommonMethod.java:899)
	at com.salesoptimize.reusablemethods.ReusableMethodsLogin.login(ReusableMethodsLogin.java:17)
	at com.salesoptimize.landingpage.LoginSalesOptimizeTest.LoginSalesOptimize(LoginSalesOptimizeTest.java:16)
	at java.base/jdk.internal.reflect.NativeMethodAccessorImpl.invoke0(Native Method)
	at java.base/jdk.internal.reflect.NativeMethodAccessorImpl.invoke(NativeMethodAccessorImpl.java:62)
	at java.base/jdk.internal.reflect.DelegatingMethodAccessorImpl.invoke(DelegatingMethodAccessorImpl.java:43)
	at java.base/java.lang.reflect.Method.invoke(Method.java:566)
	at org.testng.internal.MethodInvocationHelper.invokeMethod(MethodInvocationHelper.java:108)
	at org.testng.internal.Invoker.invokeMethod(Invoker.java:661)
	at org.testng.internal.Invoker.invokeTestMethod(Invoker.java:869)
	at org.testng.internal.Invoker.invokeTestMethods(Invoker.java:1193)
	at org.testng.internal.TestMethodWorker.invokeTestMethods(TestMethodWorker.java:126)
	at org.testng.internal.TestMethodWorker.run(TestMethodWorker.java:109)
	at org.testng.TestRunner.privateRun(TestRunner.java:744)
	at org.testng.TestRunner.run(TestRunner.java:602)
	at org.testng.SuiteRunner.runTest(SuiteRunner.java:380)
	at org.testng.SuiteRunner.runSequentially(SuiteRunner.java:375)
	at org.testng.SuiteRunner.privateRun(SuiteRunner.java:340)
	at org.testng.SuiteRunner.run(SuiteRunner.java:289)
	at org.testng.SuiteRunnerWorker.runSuite(SuiteRunnerWorker.java:52)
	at org.testng.SuiteRunnerWorker.run(SuiteRunnerWorker.java:86)
	at org.testng.TestNG.runSuitesSequentially(TestNG.java:1301)
	at org.testng.TestNG.runSuitesSequentially(TestNG.java:1297)
	at org.testng.TestNG.runSuitesLocally(TestNG.java:1226)
	at org.testng.TestNG.runSuites(TestNG.java:1144)
	at org.testng.TestNG.run(TestNG.java:1115)
	at org.apache.maven.surefire.testng.TestNGExecutor.run(TestNGExecutor.java:178)
	at org.apache.maven.surefire.testng.TestNGXmlTestSuite.execute(TestNGXmlTestSuite.java:92)
	at org.apache.maven.surefire.testng.TestNGProvider.invoke(TestNGProvider.java:96)
	at java.base/jdk.internal.reflect.NativeMethodAccessorImpl.invoke0(Native Method)
	at java.base/jdk.internal.reflect.NativeMethodAccessorImpl.invoke(NativeMethodAccessorImpl.java:62)
	at java.base/jdk.internal.reflect.DelegatingMethodAccessorImpl.invoke(DelegatingMethodAccessorImpl.java:43)
	at java.base/java.lang.reflect.Method.invoke(Method.java:566)
	at org.apache.maven.surefire.util.ReflectionUtils.invokeMethodWithArray(ReflectionUtils.java:189)
	at org.apache.maven.surefire.booter.ProviderFactory$ProviderProxy.invoke(ProviderFactory.java:165)
	at org.apache.maven.surefire.booter.ProviderFactory.invokeProvider(ProviderFactory.java:85)
	at org.apache.maven.surefire.booter.ForkedBooter.runSuitesInProcess(ForkedBooter.java:113)
	at org.apache.maven.surefire.booter.ForkedBooter.main(ForkedBooter.java:75)
</system-err>
  </testcase>
  <testcase classname="com.salesoptimize.landingpage.LoginSalesOptimizeTest" name="reset" time="18.931">
    <failure message="chrome not reachable
  (Session info: chrome=94.0.4606.81)
Build info: version: &apos;3.141.59&apos;, revision: &apos;e82be7d358&apos;, time: &apos;2018-11-14T08:17:03&apos;
System info: host: &apos;TECHNEPLUS_GG&apos;, ip: &apos;192.168.1.41&apos;, os.name: &apos;Windows 10&apos;, os.arch: &apos;amd64&apos;, os.version: &apos;10.0&apos;, java.version: &apos;11.0.11&apos;
Driver info: org.openqa.selenium.chrome.ChromeDriver
Capabilities {acceptInsecureCerts: false, browserName: chrome, browserVersion: 94.0.4606.81, chrome: {chromedriverVersion: 94.0.4606.61 (418b78f5838ed..., userDataDir: C:\Users\ADMINI~1\AppData\L...}, goog:chromeOptions: {debuggerAddress: localhost:52048}, javascriptEnabled: true, networkConnectionEnabled: false, pageLoadStrategy: normal, platform: WINDOWS, platformName: WINDOWS, proxy: Proxy(), setWindowRect: true, strictFileInteractability: false, timeouts: {implicit: 0, pageLoad: 300000, script: 30000}, unhandledPromptBehavior: dismiss and notify, webauthn:extension:credBlob: true, webauthn:extension:largeBlob: true, webauthn:virtualAuthenticators: true}
Session ID: be9b36ffa2a58411ec2a6492ef91dd60" type="org.openqa.selenium.WebDriverException">org.openqa.selenium.WebDriverException: chrome not reachable
  (Session info: chrome=94.0.4606.81)
Build info: version: &apos;3.141.59&apos;, revision: &apos;e82be7d358&apos;, time: &apos;2018-11-14T08:17:03&apos;
System info: host: &apos;TECHNEPLUS_GG&apos;, ip: &apos;192.168.1.41&apos;, os.name: &apos;Windows 10&apos;, os.arch: &apos;amd64&apos;, os.version: &apos;10.0&apos;, java.version: &apos;11.0.11&apos;
Driver info: org.openqa.selenium.chrome.ChromeDriver
Capabilities {acceptInsecureCerts: false, browserName: chrome, browserVersion: 94.0.4606.81, chrome: {chromedriverVersion: 94.0.4606.61 (418b78f5838ed..., userDataDir: C:\Users\ADMINI~1\AppData\L...}, goog:chromeOptions: {debuggerAddress: localhost:52048}, javascriptEnabled: true, networkConnectionEnabled: false, pageLoadStrategy: normal, platform: WINDOWS, platformName: WINDOWS, proxy: Proxy(), setWindowRect: true, strictFileInteractability: false, timeouts: {implicit: 0, pageLoad: 300000, script: 30000}, unhandledPromptBehavior: dismiss and notify, webauthn:extension:credBlob: true, webauthn:extension:largeBlob: true, webauthn:virtualAuthenticators: true}
Session ID: be9b36ffa2a58411ec2a6492ef91dd60
	at java.base/jdk.internal.reflect.NativeConstructorAccessorImpl.newInstance0(Native Method)
	at java.base/jdk.internal.reflect.NativeConstructorAccessorImpl.newInstance(NativeConstructorAccessorImpl.java:62)
	at java.base/jdk.internal.reflect.DelegatingConstructorAccessorImpl.newInstance(DelegatingConstructorAccessorImpl.java:45)
	at java.base/java.lang.reflect.Constructor.newInstance(Constructor.java:490)
	at org.openqa.selenium.remote.http.W3CHttpResponseCodec.createException(W3CHttpResponseCodec.java:187)
	at org.openqa.selenium.remote.http.W3CHttpResponseCodec.decode(W3CHttpResponseCodec.java:122)
	at org.openqa.selenium.remote.http.W3CHttpResponseCodec.decode(W3CHttpResponseCodec.java:49)
	at org.openqa.selenium.remote.HttpCommandExecutor.execute(HttpCommandExecutor.java:158)
	at org.openqa.selenium.remote.service.DriverCommandExecutor.execute(DriverCommandExecutor.java:83)
	at org.openqa.selenium.remote.RemoteWebDriver.execute(RemoteWebDriver.java:552)
	at org.openqa.selenium.remote.RemoteWebDriver.execute(RemoteWebDriver.java:609)
	at org.openqa.selenium.remote.RemoteWebDriver.getWindowHandles(RemoteWebDriver.java:460)
	at com.salesoptimize.utility.CommonMethod.switchToParentTab1(CommonMethod.java:389)
	at com.salesoptimize.utility.BaseClass.reset(BaseClass.java:248)
	at java.base/jdk.internal.reflect.NativeMethodAccessorImpl.invoke0(Native Method)
	at java.base/jdk.internal.reflect.NativeMethodAccessorImpl.invoke(NativeMethodAccessorImpl.java:62)
	at java.base/jdk.internal.reflect.DelegatingMethodAccessorImpl.invoke(DelegatingMethodAccessorImpl.java:43)
	at java.base/java.lang.reflect.Method.invoke(Method.java:566)
	at org.testng.internal.MethodInvocationHelper.invokeMethod(MethodInvocationHelper.java:108)
	at org.testng.internal.Invoker.invokeConfigurationMethod(Invoker.java:523)
	at org.testng.internal.Invoker.invokeConfigurations(Invoker.java:224)
	at org.testng.internal.Invoker.invokeConfigurations(Invoker.java:146)
	at org.testng.internal.TestMethodWorker.invokeAfterClassMethods(TestMethodWorker.java:212)
	at org.testng.internal.TestMethodWorker.run(TestMethodWorker.java:112)
	at org.testng.TestRunner.privateRun(TestRunner.java:744)
	at org.testng.TestRunner.run(TestRunner.java:602)
	at org.testng.SuiteRunner.runTest(SuiteRunner.java:380)
	at org.testng.SuiteRunner.runSequentially(SuiteRunner.java:375)
	at org.testng.SuiteRunner.privateRun(SuiteRunner.java:340)
	at org.testng.SuiteRunner.run(SuiteRunner.java:289)
	at org.testng.SuiteRunnerWorker.runSuite(SuiteRunnerWorker.java:52)
	at org.testng.SuiteRunnerWorker.run(SuiteRunnerWorker.java:86)
	at org.testng.TestNG.runSuitesSequentially(TestNG.java:1301)
	at org.testng.TestNG.runSuitesSequentially(TestNG.java:1297)
	at org.testng.TestNG.runSuitesLocally(TestNG.java:1226)
	at org.testng.TestNG.runSuites(TestNG.java:1144)
	at org.testng.TestNG.run(TestNG.java:1115)
	at org.apache.maven.surefire.testng.TestNGExecutor.run(TestNGExecutor.java:178)
	at org.apache.maven.surefire.testng.TestNGXmlTestSuite.execute(TestNGXmlTestSuite.java:92)
	at org.apache.maven.surefire.testng.TestNGProvider.invoke(TestNGProvider.java:96)
	at java.base/jdk.internal.reflect.NativeMethodAccessorImpl.invoke0(Native Method)
	at java.base/jdk.internal.reflect.NativeMethodAccessorImpl.invoke(NativeMethodAccessorImpl.java:62)
	at java.base/jdk.internal.reflect.DelegatingMethodAccessorImpl.invoke(DelegatingMethodAccessorImpl.java:43)
	at java.base/java.lang.reflect.Method.invoke(Method.java:566)
	at org.apache.maven.surefire.util.ReflectionUtils.invokeMethodWithArray(ReflectionUtils.java:189)
	at org.apache.maven.surefire.booter.ProviderFactory$ProviderProxy.invoke(ProviderFactory.java:165)
	at org.apache.maven.surefire.booter.ProviderFactory.invokeProvider(ProviderFactory.java:85)
	at org.apache.maven.surefire.booter.ForkedBooter.runSuitesInProcess(ForkedBooter.java:113)
	at org.apache.maven.surefire.booter.ForkedBooter.main(ForkedBooter.java:75)
</failure>
    <system-err>java.lang.RuntimeException: org.openqa.selenium.WebDriverException: chrome not reachable
  (Session info: chrome=94.0.4606.81)
Build info: version: &apos;3.141.59&apos;, revision: &apos;e82be7d358&apos;, time: &apos;2018-11-14T08:17:03&apos;
System info: host: &apos;TECHNEPLUS_GG&apos;, ip: &apos;192.168.1.41&apos;, os.name: &apos;Windows 10&apos;, os.arch: &apos;amd64&apos;, os.version: &apos;10.0&apos;, java.version: &apos;11.0.11&apos;
Driver info: org.openqa.selenium.chrome.ChromeDriver
Capabilities {acceptInsecureCerts: false, browserName: chrome, browserVersion: 94.0.4606.81, chrome: {chromedriverVersion: 94.0.4606.61 (418b78f5838ed..., userDataDir: C:\Users\ADMINI~1\AppData\L...}, goog:chromeOptions: {debuggerAddress: localhost:52048}, javascriptEnabled: true, networkConnectionEnabled: false, pageLoadStrategy: normal, platform: WINDOWS, platformName: WINDOWS, proxy: Proxy(), setWindowRect: true, strictFileInteractability: false, timeouts: {implicit: 0, pageLoad: 300000, script: 30000}, unhandledPromptBehavior: dismiss and notify, webauthn:extension:credBlob: true, webauthn:extension:largeBlob: true, webauthn:virtualAuthenticators: true}
Session ID: be9b36ffa2a58411ec2a6492ef91dd60
	at ru.yandex.qatools.ashot.util.InnerScript.execute(InnerScript.java:29)
	at ru.yandex.qatools.ashot.shooting.ViewportPastingDecorator.getFullHeight(ViewportPastingDecorator.java:67)
	at ru.yandex.qatools.ashot.shooting.ViewportPastingDecorator.getScreenshot(ViewportPastingDecorator.java:41)
	at ru.yandex.qatools.ashot.shooting.ViewportPastingDecorator.getScreenshot(ViewportPastingDecorator.java:35)
	at ru.yandex.qatools.ashot.AShot.takeScreenshot(AShot.java:143)
	at com.salesoptimize.utility.ExtentListeners.onTestFailure(ExtentListeners.java:88)
	at org.testng.internal.Invoker.runTestListeners(Invoker.java:1731)
	at org.testng.internal.Invoker.runTestListeners(Invoker.java:1714)
	at org.testng.internal.Invoker.invokeMethod(Invoker.java:714)
	at org.testng.internal.Invoker.invokeTestMethod(Invoker.java:869)
	at org.testng.internal.Invoker.invokeTestMethods(Invoker.java:1193)
	at org.testng.internal.TestMethodWorker.invokeTestMethods(TestMethodWorker.java:126)
	at org.testng.internal.TestMethodWorker.run(TestMethodWorker.java:109)
	at org.testng.TestRunner.privateRun(TestRunner.java:744)
	at org.testng.TestRunner.run(TestRunner.java:602)
	at org.testng.SuiteRunner.runTest(SuiteRunner.java:380)
	at org.testng.SuiteRunner.runSequentially(SuiteRunner.java:375)
	at org.testng.SuiteRunner.privateRun(SuiteRunner.java:340)
	at org.testng.SuiteRunner.run(SuiteRunner.java:289)
	at org.testng.SuiteRunnerWorker.runSuite(SuiteRunnerWorker.java:52)
	at org.testng.SuiteRunnerWorker.run(SuiteRunnerWorker.java:86)
	at org.testng.TestNG.runSuitesSequentially(TestNG.java:1301)
	at org.testng.TestNG.runSuitesSequentially(TestNG.java:1297)
	at org.testng.TestNG.runSuitesLocally(TestNG.java:1226)
	at org.testng.TestNG.runSuites(TestNG.java:1144)
	at org.testng.TestNG.run(TestNG.java:1115)
	at org.apache.maven.surefire.testng.TestNGExecutor.run(TestNGExecutor.java:178)
	at org.apache.maven.surefire.testng.TestNGXmlTestSuite.execute(TestNGXmlTestSuite.java:92)
	at org.apache.maven.surefire.testng.TestNGProvider.invoke(TestNGProvider.java:96)
	at java.base/jdk.internal.reflect.NativeMethodAccessorImpl.invoke0(Native Method)
	at java.base/jdk.internal.reflect.NativeMethodAccessorImpl.invoke(NativeMethodAccessorImpl.java:62)
	at java.base/jdk.internal.reflect.DelegatingMethodAccessorImpl.invoke(DelegatingMethodAccessorImpl.java:43)
	at java.base/java.lang.reflect.Method.invoke(Method.java:566)
	at org.apache.maven.surefire.util.ReflectionUtils.invokeMethodWithArray(ReflectionUtils.java:189)
	at org.apache.maven.surefire.booter.ProviderFactory$ProviderProxy.invoke(ProviderFactory.java:165)
	at org.apache.maven.surefire.booter.ProviderFactory.invokeProvider(ProviderFactory.java:85)
	at org.apache.maven.surefire.booter.ForkedBooter.runSuitesInProcess(ForkedBooter.java:113)
	at org.apache.maven.surefire.booter.ForkedBooter.main(ForkedBooter.java:75)
Caused by: org.openqa.selenium.WebDriverException: chrome not reachable
  (Session info: chrome=94.0.4606.81)
Build info: version: &apos;3.141.59&apos;, revision: &apos;e82be7d358&apos;, time: &apos;2018-11-14T08:17:03&apos;
System info: host: &apos;TECHNEPLUS_GG&apos;, ip: &apos;192.168.1.41&apos;, os.name: &apos;Windows 10&apos;, os.arch: &apos;amd64&apos;, os.version: &apos;10.0&apos;, java.version: &apos;11.0.11&apos;
Driver info: org.openqa.selenium.chrome.ChromeDriver
Capabilities {acceptInsecureCerts: false, browserName: chrome, browserVersion: 94.0.4606.81, chrome: {chromedriverVersion: 94.0.4606.61 (418b78f5838ed..., userDataDir: C:\Users\ADMINI~1\AppData\L...}, goog:chromeOptions: {debuggerAddress: localhost:52048}, javascriptEnabled: true, networkConnectionEnabled: false, pageLoadStrategy: normal, platform: WINDOWS, platformName: WINDOWS, proxy: Proxy(), setWindowRect: true, strictFileInteractability: false, timeouts: {implicit: 0, pageLoad: 300000, script: 30000}, unhandledPromptBehavior: dismiss and notify, webauthn:extension:credBlob: true, webauthn:extension:largeBlob: true, webauthn:virtualAuthenticators: true}
Session ID: be9b36ffa2a58411ec2a6492ef91dd60
	at java.base/jdk.internal.reflect.NativeConstructorAccessorImpl.newInstance0(Native Method)
	at java.base/jdk.internal.reflect.NativeConstructorAccessorImpl.newInstance(NativeConstructorAccessorImpl.java:62)
	at java.base/jdk.internal.reflect.DelegatingConstructorAccessorImpl.newInstance(DelegatingConstructorAccessorImpl.java:45)
	at java.base/java.lang.reflect.Constructor.newInstance(Constructor.java:490)
	at org.openqa.selenium.remote.http.W3CHttpResponseCodec.createException(W3CHttpResponseCodec.java:187)
	at org.openqa.selenium.remote.http.W3CHttpResponseCodec.decode(W3CHttpResponseCodec.java:122)
	at org.openqa.selenium.remote.http.W3CHttpResponseCodec.decode(W3CHttpResponseCodec.java:49)
	at org.openqa.selenium.remote.HttpCommandExecutor.execute(HttpCommandExecutor.java:158)
	at org.openqa.selenium.remote.service.DriverCommandExecutor.execute(DriverCommandExecutor.java:83)
	at org.openqa.selenium.remote.RemoteWebDriver.execute(RemoteWebDriver.java:552)
	at org.openqa.selenium.remote.RemoteWebDriver.executeScript(RemoteWebDriver.java:489)
	at ru.yandex.qatools.ashot.util.InnerScript.execute(InnerScript.java:27)
	... 37 more
</system-err>
  </testcase>
  <testcase classname="com.salesoptimize.testcases.TestCase_1" name="ExtentReportConfig" time="18.931">
    <skipped/>
  </testcase>
  <testcase classname="com.salesoptimize.testcases.TestCase_1" name="ExportAList" time="18.931">
    <skipped/>
  </testcase>
  <testcase classname="com.salesoptimize.testcases.TestCase_1" name="reset" time="18.931">
    <skipped/>
  </testcase>
  <testcase classname="com.salesoptimize.testcases.TestCase_2" name="ExtentReportConfig" time="18.931">
    <skipped/>
  </testcase>
  <testcase classname="com.salesoptimize.testcases.TestCase_2" name="ExportPurchasedLeadToSalesforce" time="18.931">
    <skipped/>
  </testcase>
  <testcase classname="com.salesoptimize.testcases.TestCase_2" name="reset" time="18.931">
    <skipped/>
  </testcase>
  <testcase classname="com.salesoptimize.testcases.TestCase_3" name="ExtentReportConfig" time="18.931">
    <skipped/>
  </testcase>
  <testcase classname="com.salesoptimize.testcases.TestCase_3" name="SelectGlobalRegion" time="18.931">
    <skipped/>
  </testcase>
  <testcase classname="com.salesoptimize.testcases.TestCase_3" name="reset" time="18.931">
    <skipped/>
  </testcase>
  <testcase classname="com.salesoptimize.testcases.TestCase_4" name="ExtentReportConfig" time="18.931">
    <skipped/>
  </testcase>
  <testcase classname="com.salesoptimize.testcases.TestCase_4" name="selectEstimatedOnlineSales" time="18.932">
    <skipped/>
  </testcase>
  <testcase classname="com.salesoptimize.testcases.TestCase_4" name="reset" time="18.932">
    <skipped/>
  </testcase>
  <testcase classname="com.salesoptimize.testcases.TestCase_5" name="ExtentReportConfig" time="18.932">
    <skipped/>
  </testcase>
  <testcase classname="com.salesoptimize.testcases.TestCase_5" name="IncludePaymentProvider" time="18.932">
    <skipped/>
  </testcase>
  <testcase classname="com.salesoptimize.testcases.TestCase_5" name="reset" time="18.932">
    <skipped/>
  </testcase>
  <testcase classname="com.salesoptimize.testcases.TestCase_6" name="ExtentReportConfig" time="18.932">
    <skipped/>
  </testcase>
  <testcase classname="com.salesoptimize.testcases.TestCase_6" name="AddSalesforceCRMExport" time="18.932">
    <skipped/>
  </testcase>
  <testcase classname="com.salesoptimize.testcases.TestCase_6" name="reset" time="18.932">
    <skipped/>
  </testcase>
  <testcase classname="com.salesoptimize.testcases.TestCase_7" name="ExtentReportConfig" time="18.932">
    <skipped/>
  </testcase>
  <testcase classname="com.salesoptimize.testcases.TestCase_7" name="Multiurllookup" time="18.932">
    <skipped/>
  </testcase>
  <testcase classname="com.salesoptimize.testcases.TestCase_7" name="reset" time="18.932">
    <skipped/>
  </testcase>
  <testcase classname="com.salesoptimize.testcases.TestCase_8" name="ExtentReportConfig" time="18.932">
    <skipped/>
  </testcase>
  <testcase classname="com.salesoptimize.testcases.TestCase_8" name="SelectIndustryAndSubIndustry" time="18.932">
    <skipped/>
  </testcase>
  <testcase classname="com.salesoptimize.testcases.TestCase_8" name="reset" time="18.932">
    <skipped/>
  </testcase>
  <testcase classname="com.salesoptimize.testcases.TestCase_9" name="ExtentReportConfig" time="18.932">
    <skipped/>
  </testcase>
  <testcase classname="com.salesoptimize.testcases.TestCase_9" name="HasPhysicalLocation" time="18.932">
    <skipped/>
  </testcase>
  <testcase classname="com.salesoptimize.testcases.TestCase_9" name="reset" time="18.932">
    <skipped/>
  </testcase>
  <testcase classname="com.salesoptimize.testcases.TestCase_10" name="ExtentReportConfig" time="18.932">
    <skipped/>
  </testcase>
  <testcase classname="com.salesoptimize.testcases.TestCase_10" name="ContactDepartment" time="18.932">
    <skipped/>
  </testcase>
  <testcase classname="com.salesoptimize.testcases.TestCase_10" name="reset" time="18.932">
    <skipped/>
  </testcase>
  <testcase classname="com.salesoptimize.testcases.TestCase_11" name="ExtentReportConfig" time="18.932">
    <skipped/>
  </testcase>
  <testcase classname="com.salesoptimize.testcases.TestCase_11" name="ExportMustHaveEmailAddressPhoneNumber" time="18.932">
    <skipped/>
  </testcase>
  <testcase classname="com.salesoptimize.testcases.TestCase_11" name="reset" time="18.932">
    <skipped/>
  </testcase>
  <testcase classname="com.salesoptimize.testcases.TestCase_12" name="ExtentReportConfig" time="18.932">
    <skipped/>
  </testcase>
  <testcase classname="com.salesoptimize.testcases.TestCase_12" name="ExcludePaymentProvider" time="18.932">
    <skipped/>
  </testcase>
  <testcase classname="com.salesoptimize.testcases.TestCase_12" name="reset" time="18.932">
    <skipped/>
  </testcase>
  <testcase classname="com.salesoptimize.testcases.TestCase_13" name="ExtentReportConfig" time="18.932">
    <skipped/>
  </testcase>
  <testcase classname="com.salesoptimize.testcases.TestCase_13" name="IncludePaymentMethod" time="18.932">
    <skipped/>
  </testcase>
  <testcase classname="com.salesoptimize.testcases.TestCase_13" name="reset" time="18.932">
    <skipped/>
  </testcase>
  <testcase classname="com.salesoptimize.testcases.TestCase_14" name="ExtentReportConfig" time="18.932">
    <skipped/>
  </testcase>
  <testcase classname="com.salesoptimize.testcases.TestCase_14" name="ExcludePaymentMethod" time="18.932">
    <skipped/>
  </testcase>
  <testcase classname="com.salesoptimize.testcases.TestCase_14" name="reset" time="18.932">
    <skipped/>
  </testcase>
  <testcase classname="com.salesoptimize.testcases.TestCase_15" name="ExtentReportConfig" time="18.932">
    <skipped/>
  </testcase>
  <testcase classname="com.salesoptimize.testcases.TestCase_15" name="IncludeFinanceProvider" time="18.932">
    <skipped/>
  </testcase>
  <testcase classname="com.salesoptimize.testcases.TestCase_15" name="reset" time="18.932">
    <skipped/>
  </testcase>
  <testcase classname="com.salesoptimize.testcases.TestCase_16" name="ExtentReportConfig" time="18.932">
    <skipped/>
  </testcase>
  <testcase classname="com.salesoptimize.testcases.TestCase_16" name="ExcludeFinanceProvider" time="18.932">
    <skipped/>
  </testcase>
  <testcase classname="com.salesoptimize.testcases.TestCase_16" name="reset" time="18.932">
    <skipped/>
  </testcase>
  <testcase classname="com.salesoptimize.testcases.TestCase_17" name="ExtentReportConfig" time="18.932">
    <skipped/>
  </testcase>
  <testcase classname="com.salesoptimize.testcases.TestCase_17" name="EvidenceOfOnlinePayments" time="18.932">
    <skipped/>
  </testcase>
  <testcase classname="com.salesoptimize.testcases.TestCase_17" name="reset" time="18.932">
    <skipped/>
  </testcase>
  <testcase classname="com.salesoptimize.testcases.TestCase_18" name="ExtentReportConfig" time="18.932">
    <skipped/>
  </testcase>
  <testcase classname="com.salesoptimize.testcases.TestCase_18" name="EvidenceofMobileSite" time="18.932">
    <skipped/>
  </testcase>
  <testcase classname="com.salesoptimize.testcases.TestCase_18" name="reset" time="18.932">
    <skipped/>
  </testcase>
  <testcase classname="com.salesoptimize.testcases.TestCase_19" name="ExtentReportConfig" time="18.932">
    <skipped/>
  </testcase>
  <testcase classname="com.salesoptimize.testcases.TestCase_19" name="EvidenceOfMultipleCurrencies" time="18.933">
    <skipped/>
  </testcase>
  <testcase classname="com.salesoptimize.testcases.TestCase_19" name="reset" time="18.933">
    <skipped/>
  </testcase>
  <testcase classname="com.salesoptimize.testcases.TestCase_20" name="ExtentReportConfig" time="18.933">
    <skipped/>
  </testcase>
  <testcase classname="com.salesoptimize.testcases.TestCase_20" name="AllSitesShipping" time="18.933">
    <skipped/>
  </testcase>
  <testcase classname="com.salesoptimize.testcases.TestCase_20" name="reset" time="18.933">
    <skipped/>
  </testcase>
  <testcase classname="com.salesoptimize.testcases.TestCase_21" name="ExtentReportConfig" time="18.933">
    <skipped/>
  </testcase>
  <testcase classname="com.salesoptimize.testcases.TestCase_21" name="IncludeShippingCompanies" time="18.933">
    <skipped/>
  </testcase>
  <testcase classname="com.salesoptimize.testcases.TestCase_21" name="reset" time="18.933">
    <skipped/>
  </testcase>
  <testcase classname="com.salesoptimize.testcases.TestCase_22" name="ExtentReportConfig" time="18.933">
    <skipped/>
  </testcase>
  <testcase classname="com.salesoptimize.testcases.TestCase_22" name="ExcludeShippingCompanies" time="18.933">
    <skipped/>
  </testcase>
  <testcase classname="com.salesoptimize.testcases.TestCase_22" name="reset" time="18.933">
    <skipped/>
  </testcase>
  <testcase classname="com.salesoptimize.testcases.TestCase_23" name="ExtentReportConfig" time="18.933">
    <skipped/>
  </testcase>
  <testcase classname="com.salesoptimize.testcases.TestCase_23" name="EvidenceofFreeShipping" time="18.933">
    <skipped/>
  </testcase>
  <testcase classname="com.salesoptimize.testcases.TestCase_23" name="reset" time="18.933">
    <skipped/>
  </testcase>
  <testcase classname="com.salesoptimize.testcases.TestCase_24" name="ExtentReportConfig" time="18.933">
    <skipped/>
  </testcase>
  <testcase classname="com.salesoptimize.testcases.TestCase_24" name="VisitorTrafficRegionCountry" time="18.933">
    <skipped/>
  </testcase>
  <testcase classname="com.salesoptimize.testcases.TestCase_24" name="reset" time="18.933">
    <skipped/>
  </testcase>
  <testcase classname="com.salesoptimize.testcases.TestCase_25" name="ExtentReportConfig" time="18.933">
    <skipped/>
  </testcase>
  <testcase classname="com.salesoptimize.testcases.TestCase_25" name="EvidenceofInternationalPresence" time="18.933">
    <skipped/>
  </testcase>
  <testcase classname="com.salesoptimize.testcases.TestCase_25" name="reset" time="18.933">
    <skipped/>
  </testcase>
  <testcase classname="com.salesoptimize.testcases.TestCase_26" name="ExtentReportConfig" time="18.933">
    <skipped/>
  </testcase>
  <testcase classname="com.salesoptimize.testcases.TestCase_26" name="EvidenceOfInternationalShipping" time="18.933">
    <skipped/>
  </testcase>
  <testcase classname="com.salesoptimize.testcases.TestCase_26" name="reset" time="18.933">
    <skipped/>
  </testcase>
  <testcase classname="com.salesoptimize.testcases.TestCase_27" name="ExtentReportConfig" time="18.933">
    <skipped/>
  </testcase>
  <testcase classname="com.salesoptimize.testcases.TestCase_27" name="IncludeWebsiteTechnology" time="18.933">
    <skipped/>
  </testcase>
  <testcase classname="com.salesoptimize.testcases.TestCase_27" name="reset" time="18.933">
    <skipped/>
  </testcase>
  <testcase classname="com.salesoptimize.testcases.TestCase_28" name="ExtentReportConfig" time="18.933">
    <skipped/>
  </testcase>
  <testcase classname="com.salesoptimize.testcases.TestCase_28" name="ExcludeWebsiteTechnology" time="18.933">
    <skipped/>
  </testcase>
  <testcase classname="com.salesoptimize.testcases.TestCase_28" name="reset" time="18.933">
    <skipped/>
  </testcase>
  <testcase classname="com.salesoptimize.testcases.TestCase_29" name="ExtentReportConfig" time="18.933">
    <skipped/>
  </testcase>
  <testcase classname="com.salesoptimize.testcases.TestCase_29" name="ExcludeWebsiteTechnology" time="18.933">
    <skipped/>
  </testcase>
  <testcase classname="com.salesoptimize.testcases.TestCase_29" name="reset" time="18.933">
    <skipped/>
  </testcase>
  <testcase classname="com.salesoptimize.testcases.TestCase_30" name="ExtentReportConfig" time="18.933">
    <skipped/>
  </testcase>
  <testcase classname="com.salesoptimize.testcases.TestCase_30" name="TwitterFollowers" time="18.933">
    <skipped/>
  </testcase>
  <testcase classname="com.salesoptimize.testcases.TestCase_30" name="reset" time="18.933">
    <skipped/>
  </testcase>
  <testcase classname="com.salesoptimize.testcases.TestCase_31" name="ExtentReportConfig" time="18.933">
    <skipped/>
  </testcase>
  <testcase classname="com.salesoptimize.testcases.TestCase_31" name="InstagramFollowers" time="18.933">
    <skipped/>
  </testcase>
  <testcase classname="com.salesoptimize.testcases.TestCase_31" name="reset" time="18.933">
    <skipped/>
  </testcase>
  <testcase classname="com.salesoptimize.testcases.TestCase_32" name="ExtentReportConfig" time="18.933">
    <skipped/>
  </testcase>
  <testcase classname="com.salesoptimize.testcases.TestCase_32" name="YouTubeViews" time="18.933">
    <skipped/>
  </testcase>
  <testcase classname="com.salesoptimize.testcases.TestCase_32" name="reset" time="18.933">
    <skipped/>
  </testcase>
  <testcase classname="com.salesoptimize.testcases.TestCase_33" name="ExtentReportConfig" time="18.933">
    <skipped/>
  </testcase>
  <testcase classname="com.salesoptimize.testcases.TestCase_33" name="YouTubeSubscribers" time="18.933">
    <skipped/>
  </testcase>
  <testcase classname="com.salesoptimize.testcases.TestCase_33" name="reset" time="18.933">
    <skipped/>
  </testcase>
  <testcase classname="com.salesoptimize.testcases.TestCase_34" name="ExtentReportConfig" time="18.933">
    <skipped/>
  </testcase>
  <testcase classname="com.salesoptimize.testcases.TestCase_34" name="PresenceOfFacebook" time="18.933">
    <skipped/>
  </testcase>
  <testcase classname="com.salesoptimize.testcases.TestCase_34" name="reset" time="18.933">
    <skipped/>
  </testcase>
  <testcase classname="com.salesoptimize.testcases.TestCase_35" name="ExtentReportConfig" time="18.933">
    <skipped/>
  </testcase>
  <testcase classname="com.salesoptimize.testcases.TestCase_35" name="PresenceOfTwitter" time="18.933">
    <skipped/>
  </testcase>
  <testcase classname="com.salesoptimize.testcases.TestCase_35" name="reset" time="18.933">
    <skipped/>
  </testcase>
  <testcase classname="com.salesoptimize.testcases.TestCase_36" name="ExtentReportConfig" time="18.933">
    <skipped/>
  </testcase>
  <testcase classname="com.salesoptimize.testcases.TestCase_36" name="PresencOfInstagram" time="18.933">
    <skipped/>
  </testcase>
  <testcase classname="com.salesoptimize.testcases.TestCase_36" name="reset" time="18.933">
    <skipped/>
  </testcase>
  <testcase classname="com.salesoptimize.testcases.TestCase_37" name="ExtentReportConfig" time="18.933">
    <skipped/>
  </testcase>
  <testcase classname="com.salesoptimize.testcases.TestCase_37" name="PresenceofYoutube" time="18.933">
    <skipped/>
  </testcase>
  <testcase classname="com.salesoptimize.testcases.TestCase_37" name="reset" time="18.933">
    <skipped/>
  </testcase>
  <testcase classname="com.salesoptimize.testcases.TestCase_38" name="ExtentReportConfig" time="18.934">
    <skipped/>
  </testcase>
  <testcase classname="com.salesoptimize.testcases.TestCase_38" name="IncludeMarketingAnalytics" time="18.934">
    <skipped/>
  </testcase>
  <testcase classname="com.salesoptimize.testcases.TestCase_38" name="reset" time="18.934">
    <skipped/>
  </testcase>
  <testcase classname="com.salesoptimize.testcases.TestCase_39" name="ExtentReportConfig" time="18.934">
    <skipped/>
  </testcase>
  <testcase classname="com.salesoptimize.testcases.TestCase_39" name="TwitterFollowers" time="18.934">
    <skipped/>
  </testcase>
  <testcase classname="com.salesoptimize.testcases.TestCase_39" name="reset" time="18.934">
    <skipped/>
  </testcase>
  <testcase classname="com.salesoptimize.testcases.TestCase_40" name="ExtentReportConfig" time="18.934">
    <skipped/>
  </testcase>
  <testcase classname="com.salesoptimize.testcases.TestCase_40" name="TopLevelDomain" time="18.934">
    <skipped/>
  </testcase>
  <testcase classname="com.salesoptimize.testcases.TestCase_40" name="reset" time="18.934">
    <skipped/>
  </testcase>
</testsuite>